INFO - OS version:	Windows-10-10.0.22000-SP0
Python version:	3.9.9 (tags/v3.9.9:ccb0e6a, Nov 15 2021, 18:08:50) [MSC v.1929 64 bit (AMD64)]
PM4Py version:	2.2.17

INFO - Construction of 400 BPSim simulation files started. Tree size set to (15, 85, 150).
INFO - Iter 1		Simulation length: 63 days		Activity classes: 98
INFO - Iter 2		Simulation length: 28 days		Activity classes: 33
INFO - Iter 3		Simulation length: 78 days		Activity classes: 136
INFO - Iter 4		Simulation length: 37 days		Activity classes: 63
INFO - Iter 5		Simulation length: 58 days		Activity classes: 100
INFO - Iter 6		Simulation length: 68 days		Activity classes: 110
INFO - Iter 7		Simulation length: 69 days		Activity classes: 107
INFO - Iter 8		Simulation length: 80 days		Activity classes: 131
INFO - Iter 9		Simulation length: 55 days		Activity classes: 91
INFO - Iter 10		Simulation length: 65 days		Activity classes: 107
INFO - Iter 11		Simulation length: 37 days		Activity classes: 50
INFO - Iter 12		Simulation length: 35 days		Activity classes: 54
INFO - Iter 13		Simulation length: 41 days		Activity classes: 54
INFO - Iter 14		Simulation length: 42 days		Activity classes: 54
INFO - Iter 15		Simulation length: 36 days		Activity classes: 57
INFO - Iter 16		Simulation length: 81 days		Activity classes: 142
INFO - Iter 17		Simulation length: 39 days		Activity classes: 60
INFO - Iter 18		Simulation length: 48 days		Activity classes: 67
INFO - Iter 19		Simulation length: 65 days		Activity classes: 100
INFO - Iter 20		Simulation length: 77 days		Activity classes: 128
INFO - Iter 21		Simulation length: 61 days		Activity classes: 103
INFO - Iter 22		Simulation length: 68 days		Activity classes: 111
INFO - Iter 23		Simulation length: 24 days		Activity classes: 40
INFO - Iter 24		Simulation length: 33 days		Activity classes: 43
INFO - Iter 25		Simulation length: 69 days		Activity classes: 109
INFO - Iter 26		Simulation length: 67 days		Activity classes: 116
INFO - Iter 27		Simulation length: 67 days		Activity classes: 102
INFO - Iter 28		Simulation length: 52 days		Activity classes: 84
INFO - Iter 29		Simulation length: 43 days		Activity classes: 64
INFO - Iter 30		Simulation length: 59 days		Activity classes: 87
INFO - Iter 31		Simulation length: 14 days		Activity classes: 18
INFO - Iter 32		Simulation length: 61 days		Activity classes: 94
INFO - Iter 33		Simulation length: 34 days		Activity classes: 58
INFO - Iter 34		Simulation length: 57 days		Activity classes: 82
INFO - Iter 35		Simulation length: 45 days		Activity classes: 60
INFO - Iter 36		Simulation length: 87 days		Activity classes: 139
INFO - Iter 37		Simulation length: 72 days		Activity classes: 118
INFO - Iter 38		Simulation length: 36 days		Activity classes: 56
INFO - Iter 39		Simulation length: 71 days		Activity classes: 115
INFO - Iter 40		Simulation length: 68 days		Activity classes: 120
INFO - Iter 41		Simulation length: 49 days		Activity classes: 82
INFO - Iter 42		Simulation length: 55 days		Activity classes: 96
INFO - Iter 43		Simulation length: 71 days		Activity classes: 106
INFO - Iter 44		Simulation length: 51 days		Activity classes: 87
INFO - Iter 45		Simulation length: 62 days		Activity classes: 109
INFO - Iter 46		Simulation length: 32 days		Activity classes: 51
INFO - Iter 47		Simulation length: 45 days		Activity classes: 74
INFO - Iter 48		Simulation length: 61 days		Activity classes: 102
INFO - Iter 49		Simulation length: 52 days		Activity classes: 81
INFO - Iter 50		Simulation length: 49 days		Activity classes: 82
INFO - Iter 51		Simulation length: 34 days		Activity classes: 54
INFO - Iter 52		Simulation length: 53 days		Activity classes: 90
INFO - Iter 53		Simulation length: 68 days		Activity classes: 105
INFO - Iter 54		Simulation length: 55 days		Activity classes: 83
INFO - Iter 55		Simulation length: 67 days		Activity classes: 104
INFO - Iter 56		Simulation length: 62 days		Activity classes: 106
INFO - Iter 57		Simulation length: 53 days		Activity classes: 81
INFO - Iter 58		Simulation length: 66 days		Activity classes: 102
INFO - Iter 59		Simulation length: 50 days		Activity classes: 84
INFO - Iter 60		Simulation length: 61 days		Activity classes: 89
INFO - Iter 61		Simulation length: 62 days		Activity classes: 95
INFO - Iter 62		Simulation length: 23 days		Activity classes: 33
INFO - Iter 63		Simulation length: 53 days		Activity classes: 89
INFO - Iter 64		Simulation length: 74 days		Activity classes: 131
INFO - Iter 65		Simulation length: 74 days		Activity classes: 120
INFO - Iter 66		Simulation length: 57 days		Activity classes: 81
INFO - Iter 67		Simulation length: 62 days		Activity classes: 95
INFO - Iter 68		Simulation length: 19 days		Activity classes: 31
INFO - Iter 69		Simulation length: 45 days		Activity classes: 62
INFO - Iter 70		Simulation length: 53 days		Activity classes: 80
INFO - Iter 71		Simulation length: 43 days		Activity classes: 74
INFO - Iter 72		Simulation length: 53 days		Activity classes: 85
INFO - Iter 73		Simulation length: 45 days		Activity classes: 71
INFO - Iter 74		Simulation length: 15 days		Activity classes: 23
INFO - Iter 75		Simulation length: 67 days		Activity classes: 106
INFO - Iter 76		Simulation length: 36 days		Activity classes: 45
INFO - Iter 77		Simulation length: 29 days		Activity classes: 42
INFO - Iter 78		Simulation length: 41 days		Activity classes: 60
INFO - Iter 79		Simulation length: 54 days		Activity classes: 91
INFO - Iter 80		Simulation length: 59 days		Activity classes: 100
INFO - Iter 81		Simulation length: 49 days		Activity classes: 86
INFO - Iter 82		Simulation length: 22 days		Activity classes: 30
INFO - Iter 83		Simulation length: 30 days		Activity classes: 46
INFO - Iter 84		Simulation length: 46 days		Activity classes: 77
INFO - Iter 85		Simulation length: 44 days		Activity classes: 66
INFO - Iter 86		Simulation length: 32 days		Activity classes: 42
INFO - Iter 87		Simulation length: 70 days		Activity classes: 109
INFO - Iter 88		Simulation length: 39 days		Activity classes: 52
INFO - Iter 89		Simulation length: 32 days		Activity classes: 47
INFO - Iter 90		Simulation length: 29 days		Activity classes: 35
INFO - Iter 91		Simulation length: 46 days		Activity classes: 71
INFO - Iter 92		Simulation length: 29 days		Activity classes: 36
INFO - Iter 93		Simulation length: 45 days		Activity classes: 75
INFO - Iter 94		Simulation length: 44 days		Activity classes: 76
INFO - Iter 95		Simulation length: 29 days		Activity classes: 35
INFO - Iter 96		Simulation length: 78 days		Activity classes: 132
INFO - Iter 97		Simulation length: 43 days		Activity classes: 56
INFO - Iter 98		Simulation length: 68 days		Activity classes: 104
INFO - Iter 99		Simulation length: 76 days		Activity classes: 128
INFO - Iter 100		Simulation length: 30 days		Activity classes: 33
INFO - Iter 101		Simulation length: 64 days		Activity classes: 105
INFO - Iter 102		Simulation length: 64 days		Activity classes: 95
INFO - Iter 103		Simulation length: 66 days		Activity classes: 107
INFO - Iter 104		Simulation length: 47 days		Activity classes: 80
INFO - Iter 105		Simulation length: 66 days		Activity classes: 102
INFO - Iter 106		Simulation length: 46 days		Activity classes: 78
INFO - Iter 107		Simulation length: 69 days		Activity classes: 111
INFO - Iter 108		Simulation length: 58 days		Activity classes: 84
INFO - Iter 109		Simulation length: 40 days		Activity classes: 56
INFO - Iter 110		Simulation length: 33 days		Activity classes: 42
INFO - Iter 111		Simulation length: 47 days		Activity classes: 77
INFO - Iter 112		Simulation length: 83 days		Activity classes: 129
INFO - Iter 113		Simulation length: 68 days		Activity classes: 106
INFO - Iter 114		Simulation length: 37 days		Activity classes: 60
INFO - Iter 115		Simulation length: 46 days		Activity classes: 77
INFO - Iter 116		Simulation length: 29 days		Activity classes: 50
INFO - Iter 117		Simulation length: 51 days		Activity classes: 71
INFO - Iter 118		Simulation length: 55 days		Activity classes: 81
INFO - Iter 119		Simulation length: 75 days		Activity classes: 127
INFO - Iter 120		Simulation length: 35 days		Activity classes: 51
INFO - Iter 121		Simulation length: 62 days		Activity classes: 97
INFO - Iter 122		Simulation length: 90 days		Activity classes: 145
INFO - Iter 123		Simulation length: 53 days		Activity classes: 91
INFO - Iter 124		Simulation length: 57 days		Activity classes: 99
INFO - Iter 125		Simulation length: 81 days		Activity classes: 140
INFO - Iter 126		Simulation length: 68 days		Activity classes: 105
INFO - Iter 127		Simulation length: 67 days		Activity classes: 117
INFO - Iter 128		Simulation length: 20 days		Activity classes: 31
INFO - Iter 129		Simulation length: 70 days		Activity classes: 118
INFO - Iter 130		Simulation length: 55 days		Activity classes: 84
INFO - Iter 131		Simulation length: 58 days		Activity classes: 102
INFO - Iter 132		Simulation length: 75 days		Activity classes: 122
INFO - Iter 133		Simulation length: 40 days		Activity classes: 67
INFO - Iter 134		Simulation length: 67 days		Activity classes: 104
INFO - Iter 135		Simulation length: 47 days		Activity classes: 79
INFO - Iter 136		Simulation length: 55 days		Activity classes: 81
INFO - Iter 137		Simulation length: 37 days		Activity classes: 62
INFO - Iter 138		Simulation length: 77 days		Activity classes: 117
INFO - Iter 139		Simulation length: 48 days		Activity classes: 79
INFO - Iter 140		Simulation length: 30 days		Activity classes: 37
INFO - Iter 141		Simulation length: 77 days		Activity classes: 131
INFO - Iter 142		Simulation length: 70 days		Activity classes: 118
INFO - Iter 143		Simulation length: 56 days		Activity classes: 80
INFO - Iter 144		Simulation length: 19 days		Activity classes: 28
INFO - Iter 145		Simulation length: 68 days		Activity classes: 113
INFO - Iter 146		Simulation length: 57 days		Activity classes: 82
INFO - Iter 147		Simulation length: 39 days		Activity classes: 61
INFO - Iter 148		Simulation length: 59 days		Activity classes: 85
INFO - Iter 149		Simulation length: 52 days		Activity classes: 83
INFO - Iter 150		Simulation length: 36 days		Activity classes: 50
INFO - Iter 151		Simulation length: 44 days		Activity classes: 72
INFO - Iter 152		Simulation length: 46 days		Activity classes: 79
INFO - Iter 153		Simulation length: 55 days		Activity classes: 88
INFO - Iter 154		Simulation length: 60 days		Activity classes: 91
INFO - Iter 155		Simulation length: 58 days		Activity classes: 83
INFO - Iter 156		Simulation length: 72 days		Activity classes: 119
INFO - Iter 157		Simulation length: 66 days		Activity classes: 103
INFO - Iter 158		Simulation length: 28 days		Activity classes: 45
INFO - Iter 159		Simulation length: 69 days		Activity classes: 120
INFO - Iter 160		Simulation length: 48 days		Activity classes: 74
INFO - Iter 161		Simulation length: 48 days		Activity classes: 83
INFO - Iter 162		Simulation length: 36 days		Activity classes: 60
INFO - Iter 163		Simulation length: 56 days		Activity classes: 84
INFO - Iter 164		Simulation length: 48 days		Activity classes: 79
INFO - Iter 165		Simulation length: 81 days		Activity classes: 126
INFO - Iter 166		Simulation length: 32 days		Activity classes: 52
INFO - Iter 167		Simulation length: 84 days		Activity classes: 142
INFO - Iter 168		Simulation length: 86 days		Activity classes: 145
INFO - Iter 169		Simulation length: 45 days		Activity classes: 66
INFO - Iter 170		Simulation length: 50 days		Activity classes: 78
INFO - Iter 171		Simulation length: 59 days		Activity classes: 88
INFO - Iter 172		Simulation length: 66 days		Activity classes: 108
INFO - Iter 173		Simulation length: 88 days		Activity classes: 140
INFO - Iter 174		Simulation length: 67 days		Activity classes: 100
INFO - Iter 175		Simulation length: 55 days		Activity classes: 80
INFO - Iter 176		Simulation length: 60 days		Activity classes: 105
INFO - Iter 177		Simulation length: 48 days		Activity classes: 84
INFO - Iter 178		Simulation length: 65 days		Activity classes: 112
INFO - Iter 179		Simulation length: 45 days		Activity classes: 78
INFO - Iter 180		Simulation length: 32 days		Activity classes: 54
INFO - Iter 181		Simulation length: 50 days		Activity classes: 84
INFO - Iter 182		Simulation length: 54 days		Activity classes: 86
INFO - Iter 183		Simulation length: 38 days		Activity classes: 64
INFO - Iter 184		Simulation length: 63 days		Activity classes: 94
INFO - Iter 185		Simulation length: 30 days		Activity classes: 51
INFO - Iter 186		Simulation length: 33 days		Activity classes: 47
INFO - Iter 187		Simulation length: 28 days		Activity classes: 46
INFO - Iter 188		Simulation length: 36 days		Activity classes: 58
INFO - Iter 189		Simulation length: 81 days		Activity classes: 126
INFO - Iter 190		Simulation length: 58 days		Activity classes: 87
INFO - Iter 191		Simulation length: 21 days		Activity classes: 31
INFO - Iter 192		Simulation length: 55 days		Activity classes: 85
INFO - Iter 193		Simulation length: 46 days		Activity classes: 66
INFO - Iter 194		Simulation length: 45 days		Activity classes: 66
INFO - Iter 195		Simulation length: 50 days		Activity classes: 72
INFO - Iter 196		Simulation length: 86 days		Activity classes: 142
INFO - Iter 197		Simulation length: 54 days		Activity classes: 77
INFO - Iter 198		Simulation length: 61 days		Activity classes: 100
INFO - Iter 199		Simulation length: 49 days		Activity classes: 86
INFO - Iter 200		Simulation length: 67 days		Activity classes: 99
INFO - Iter 201		Simulation length: 63 days		Activity classes: 100
INFO - Iter 202		Simulation length: 61 days		Activity classes: 96
INFO - Iter 203		Simulation length: 53 days		Activity classes: 83
INFO - Iter 204		Simulation length: 34 days		Activity classes: 57
INFO - Iter 205		Simulation length: 36 days		Activity classes: 48
INFO - Iter 206		Simulation length: 64 days		Activity classes: 109
INFO - Iter 207		Simulation length: 74 days		Activity classes: 126
INFO - Iter 208		Simulation length: 35 days		Activity classes: 45
INFO - Iter 209		Simulation length: 81 days		Activity classes: 124
INFO - Iter 210		Simulation length: 49 days		Activity classes: 86
INFO - Iter 211		Simulation length: 44 days		Activity classes: 73
INFO - Iter 212		Simulation length: 63 days		Activity classes: 96
INFO - Iter 213		Simulation length: 27 days		Activity classes: 44
INFO - Iter 214		Simulation length: 58 days		Activity classes: 91
INFO - Iter 215		Simulation length: 51 days		Activity classes: 88
INFO - Iter 216		Simulation length: 52 days		Activity classes: 90
INFO - Iter 217		Simulation length: 73 days		Activity classes: 123
INFO - Iter 218		Simulation length: 40 days		Activity classes: 53
INFO - Iter 219		Simulation length: 27 days		Activity classes: 43
INFO - Iter 220		Simulation length: 72 days		Activity classes: 112
INFO - Iter 221		Simulation length: 51 days		Activity classes: 79
INFO - Iter 222		Simulation length: 66 days		Activity classes: 98
INFO - Iter 223		Simulation length: 51 days		Activity classes: 78
INFO - Iter 224		Simulation length: 54 days		Activity classes: 82
INFO - Iter 225		Simulation length: 74 days		Activity classes: 124
INFO - Iter 226		Simulation length: 67 days		Activity classes: 103
INFO - Iter 227		Simulation length: 56 days		Activity classes: 80
INFO - Iter 228		Simulation length: 70 days		Activity classes: 108
INFO - Iter 229		Simulation length: 53 days		Activity classes: 92
INFO - Iter 230		Simulation length: 33 days		Activity classes: 51
INFO - Iter 231		Simulation length: 75 days		Activity classes: 117
INFO - Iter 232		Simulation length: 17 days		Activity classes: 26
INFO - Iter 233		Simulation length: 52 days		Activity classes: 74
INFO - Iter 234		Simulation length: 49 days		Activity classes: 77
INFO - Iter 235		Simulation length: 77 days		Activity classes: 121
INFO - Iter 236		Simulation length: 81 days		Activity classes: 125
INFO - Iter 237		Simulation length: 49 days		Activity classes: 86
INFO - Iter 238		Simulation length: 39 days		Activity classes: 66
INFO - Iter 239		Simulation length: 76 days		Activity classes: 122
INFO - Iter 240		Simulation length: 28 days		Activity classes: 43
INFO - Iter 241		Simulation length: 84 days		Activity classes: 139
INFO - Iter 242		Simulation length: 31 days		Activity classes: 47
INFO - Iter 243		Simulation length: 29 days		Activity classes: 46
INFO - Iter 244		Simulation length: 60 days		Activity classes: 105
INFO - Iter 245		Simulation length: 62 days		Activity classes: 98
INFO - Iter 246		Simulation length: 27 days		Activity classes: 45
INFO - Iter 247		Simulation length: 44 days		Activity classes: 58
INFO - Iter 248		Simulation length: 77 days		Activity classes: 120
INFO - Iter 249		Simulation length: 54 days		Activity classes: 92
INFO - Iter 250		Simulation length: 63 days		Activity classes: 101
INFO - Iter 251		Simulation length: 64 days		Activity classes: 112
INFO - Iter 252		Simulation length: 56 days		Activity classes: 91
INFO - Iter 253		Simulation length: 45 days		Activity classes: 60
INFO - Iter 254		Simulation length: 61 days		Activity classes: 96
INFO - Iter 255		Simulation length: 28 days		Activity classes: 30
INFO - Iter 256		Simulation length: 67 days		Activity classes: 104
INFO - Iter 257		Simulation length: 40 days		Activity classes: 60
INFO - Iter 258		Simulation length: 48 days		Activity classes: 65
INFO - Iter 259		Simulation length: 57 days		Activity classes: 84
INFO - Iter 260		Simulation length: 78 days		Activity classes: 136
INFO - Iter 261		Simulation length: 38 days		Activity classes: 54
INFO - Iter 262		Simulation length: 55 days		Activity classes: 89
INFO - Iter 263		Simulation length: 40 days		Activity classes: 68
INFO - Iter 264		Simulation length: 60 days		Activity classes: 91
INFO - Iter 265		Simulation length: 42 days		Activity classes: 55
INFO - Iter 266		Simulation length: 43 days		Activity classes: 74
INFO - Iter 267		Simulation length: 66 days		Activity classes: 102
INFO - Iter 268		Simulation length: 40 days		Activity classes: 51
INFO - Iter 269		Simulation length: 67 days		Activity classes: 99
INFO - Iter 270		Simulation length: 32 days		Activity classes: 47
INFO - Iter 271		Simulation length: 72 days		Activity classes: 113
INFO - Iter 272		Simulation length: 64 days		Activity classes: 106
INFO - Iter 273		Simulation length: 27 days		Activity classes: 40
INFO - Iter 274		Simulation length: 40 days		Activity classes: 64
INFO - Iter 275		Simulation length: 48 days		Activity classes: 66
INFO - Iter 276		Simulation length: 77 days		Activity classes: 117
INFO - Iter 277		Simulation length: 56 days		Activity classes: 84
INFO - Iter 278		Simulation length: 54 days		Activity classes: 80
INFO - Iter 279		Simulation length: 41 days		Activity classes: 69
INFO - Iter 280		Simulation length: 84 days		Activity classes: 139
INFO - Iter 281		Simulation length: 43 days		Activity classes: 74
INFO - Iter 282		Simulation length: 19 days		Activity classes: 25
INFO - Iter 283		Simulation length: 49 days		Activity classes: 77
INFO - Iter 284		Simulation length: 55 days		Activity classes: 84
INFO - Iter 285		Simulation length: 60 days		Activity classes: 105
INFO - Iter 286		Simulation length: 75 days		Activity classes: 124
INFO - Iter 287		Simulation length: 54 days		Activity classes: 85
INFO - Iter 288		Simulation length: 75 days		Activity classes: 128
INFO - Iter 289		Simulation length: 70 days		Activity classes: 120
INFO - Iter 290		Simulation length: 57 days		Activity classes: 93
INFO - Iter 291		Simulation length: 51 days		Activity classes: 85
INFO - Iter 292		Simulation length: 92 days		Activity classes: 145
INFO - Iter 293		Simulation length: 27 days		Activity classes: 30
INFO - Iter 294		Simulation length: 57 days		Activity classes: 92
INFO - Iter 295		Simulation length: 52 days		Activity classes: 77
INFO - Iter 296		Simulation length: 63 days		Activity classes: 104
INFO - Iter 297		Simulation length: 24 days		Activity classes: 31
INFO - Iter 298		Simulation length: 87 days		Activity classes: 137
INFO - Iter 299		Simulation length: 61 days		Activity classes: 103
INFO - Iter 300		Simulation length: 32 days		Activity classes: 48
INFO - Iter 301		Simulation length: 74 days		Activity classes: 114
INFO - Iter 302		Simulation length: 48 days		Activity classes: 65
INFO - Iter 303		Simulation length: 33 days		Activity classes: 57
INFO - Iter 304		Simulation length: 56 days		Activity classes: 81
INFO - Iter 305		Simulation length: 55 days		Activity classes: 93
INFO - Iter 306		Simulation length: 49 days		Activity classes: 81
INFO - Iter 307		Simulation length: 33 days		Activity classes: 57
INFO - Iter 308		Simulation length: 64 days		Activity classes: 95
INFO - Iter 309		Simulation length: 68 days		Activity classes: 113
INFO - Iter 310		Simulation length: 42 days		Activity classes: 58
INFO - Iter 311		Simulation length: 53 days		Activity classes: 82
INFO - Iter 312		Simulation length: 61 days		Activity classes: 101
INFO - Iter 313		Simulation length: 30 days		Activity classes: 48
INFO - Iter 314		Simulation length: 70 days		Activity classes: 115
INFO - Iter 315		Simulation length: 61 days		Activity classes: 97
INFO - Iter 316		Simulation length: 57 days		Activity classes: 95
INFO - Iter 317		Simulation length: 69 days		Activity classes: 109
INFO - Iter 318		Simulation length: 49 days		Activity classes: 80
INFO - Iter 319		Simulation length: 69 days		Activity classes: 113
INFO - Iter 320		Simulation length: 72 days		Activity classes: 123
INFO - Iter 321		Simulation length: 55 days		Activity classes: 87
INFO - Iter 322		Simulation length: 47 days		Activity classes: 67
INFO - Iter 323		Simulation length: 51 days		Activity classes: 72
INFO - Iter 324		Simulation length: 80 days		Activity classes: 134
INFO - Iter 325		Simulation length: 67 days		Activity classes: 116
INFO - Iter 326		Simulation length: 50 days		Activity classes: 87
INFO - Iter 327		Simulation length: 53 days		Activity classes: 78
INFO - Iter 328		Simulation length: 48 days		Activity classes: 70
INFO - Iter 329		Simulation length: 38 days		Activity classes: 64
INFO - Iter 330		Simulation length: 54 days		Activity classes: 90
INFO - Iter 331		Simulation length: 57 days		Activity classes: 99
INFO - Iter 332		Simulation length: 63 days		Activity classes: 102
INFO - Iter 333		Simulation length: 75 days		Activity classes: 119
INFO - Iter 334		Simulation length: 40 days		Activity classes: 53
INFO - Iter 335		Simulation length: 47 days		Activity classes: 71
INFO - Iter 336		Simulation length: 78 days		Activity classes: 137
INFO - Iter 337		Simulation length: 66 days		Activity classes: 114
INFO - Iter 338		Simulation length: 62 days		Activity classes: 93
INFO - Iter 339		Simulation length: 69 days		Activity classes: 105
INFO - Iter 340		Simulation length: 58 days		Activity classes: 90
INFO - Iter 341		Simulation length: 36 days		Activity classes: 50
INFO - Iter 342		Simulation length: 57 days		Activity classes: 84
INFO - Iter 343		Simulation length: 60 days		Activity classes: 96
INFO - Iter 344		Simulation length: 47 days		Activity classes: 79
INFO - Iter 345		Simulation length: 49 days		Activity classes: 83
INFO - Iter 346		Simulation length: 43 days		Activity classes: 68
INFO - Iter 347		Simulation length: 60 days		Activity classes: 98
INFO - Iter 348		Simulation length: 75 days		Activity classes: 127
INFO - Iter 349		Simulation length: 59 days		Activity classes: 104
INFO - Iter 350		Simulation length: 57 days		Activity classes: 99
INFO - Iter 351		Simulation length: 62 days		Activity classes: 105
INFO - Iter 352		Simulation length: 44 days		Activity classes: 76
INFO - Iter 353		Simulation length: 48 days		Activity classes: 79
INFO - Iter 354		Simulation length: 74 days		Activity classes: 114
INFO - Iter 355		Simulation length: 62 days		Activity classes: 92
INFO - Iter 356		Simulation length: 75 days		Activity classes: 115
INFO - Iter 357		Simulation length: 42 days		Activity classes: 63
INFO - Iter 358		Simulation length: 34 days		Activity classes: 48
INFO - Iter 359		Simulation length: 53 days		Activity classes: 93
INFO - Iter 360		Simulation length: 56 days		Activity classes: 80
INFO - Iter 361		Simulation length: 50 days		Activity classes: 73
INFO - Iter 362		Simulation length: 48 days		Activity classes: 70
INFO - Iter 363		Simulation length: 60 days		Activity classes: 99
INFO - Iter 364		Simulation length: 54 days		Activity classes: 81
INFO - Iter 365		Simulation length: 67 days		Activity classes: 111
INFO - Iter 366		Simulation length: 36 days		Activity classes: 44
INFO - Iter 367		Simulation length: 42 days		Activity classes: 68
INFO - Iter 368		Simulation length: 40 days		Activity classes: 60
INFO - Iter 369		Simulation length: 74 days		Activity classes: 113
INFO - Iter 370		Simulation length: 67 days		Activity classes: 110
INFO - Iter 371		Simulation length: 39 days		Activity classes: 57
INFO - Iter 372		Simulation length: 49 days		Activity classes: 67
INFO - Iter 373		Simulation length: 63 days		Activity classes: 103
INFO - Iter 374		Simulation length: 31 days		Activity classes: 45
INFO - Iter 375		Simulation length: 73 days		Activity classes: 112
INFO - Iter 376		Simulation length: 61 days		Activity classes: 107
INFO - Iter 377		Simulation length: 69 days		Activity classes: 122
INFO - Iter 378		Simulation length: 58 days		Activity classes: 99
INFO - Iter 379		Simulation length: 81 days		Activity classes: 126
INFO - Iter 380		Simulation length: 55 days		Activity classes: 91
INFO - Iter 381		Simulation length: 52 days		Activity classes: 75
INFO - Iter 382		Simulation length: 56 days		Activity classes: 90
INFO - Iter 383		Simulation length: 67 days		Activity classes: 103
INFO - Iter 384		Simulation length: 89 days		Activity classes: 146
INFO - Iter 385		Simulation length: 34 days		Activity classes: 46
INFO - Iter 386		Simulation length: 36 days		Activity classes: 48
INFO - Iter 387		Simulation length: 53 days		Activity classes: 74
INFO - Iter 388		Simulation length: 50 days		Activity classes: 87
INFO - Iter 389		Simulation length: 59 days		Activity classes: 87
INFO - Iter 390		Simulation length: 75 days		Activity classes: 129
INFO - Iter 391		Simulation length: 49 days		Activity classes: 73
INFO - Iter 392		Simulation length: 33 days		Activity classes: 38
INFO - Iter 393		Simulation length: 65 days		Activity classes: 111
INFO - Iter 394		Simulation length: 41 days		Activity classes: 64
INFO - Iter 395		Simulation length: 79 days		Activity classes: 124
INFO - Iter 396		Simulation length: 58 days		Activity classes: 90
INFO - Iter 397		Simulation length: 45 days		Activity classes: 76
INFO - Iter 398		Simulation length: 55 days		Activity classes: 93
INFO - Iter 399		Simulation length: 76 days		Activity classes: 134
INFO - Iter 400		Simulation length: 53 days		Activity classes: 88
